2024-02-24 11:38:25.338175 - Starting learning loop ...
==================================================================
2024-02-24 11:38:25.338207 - Using Framebuffer of: 4 frames	 and 	ReplayBufferSize: 30000
2024-02-24 11:38:25.338214 - Loglevel is set to: a
2024-02-24 11:38:25.338223 - Epoc #	0	 
2024-02-24 11:38:36.228750 - Epoc #	10	 10.890517950057983
2024-02-24 11:38:46.972301 - Epoc #	20	 10.743541955947876
2024-02-24 11:38:57.755198 - Epoc #	30	 10.782886981964111
2024-02-24 11:39:08.476159 - Epoc #	40	 10.720952033996582
2024-02-24 11:39:19.349209 - Epoc #	50	 10.873041868209839
2024-02-24 11:39:30.211537 - Epoc #	60	 10.862318992614746
2024-02-24 11:39:41.107542 - Epoc #	70	 10.89599609375
2024-02-24 11:39:52.031638 - Epoc #	80	 10.924087047576904
2024-02-24 11:40:02.972974 - Epoc #	90	 10.941326141357422
2024-02-24 11:40:13.732025 - Epoc #	100	 10.759040832519531
2024-02-24 11:40:24.615750 - Epoc #	110	 10.883715152740479
2024-02-24 11:40:35.572882 - Epoc #	120	 10.957123041152954
2024-02-24 11:40:46.519757 - Epoc #	130	 10.946866035461426
2024-02-24 11:40:57.492659 - Epoc #	140	 10.972893953323364
2024-02-24 11:41:08.438329 - Epoc #	150	 10.945659875869751
2024-02-24 11:41:19.565394 - Epoc #	160	 11.127054929733276
2024-02-24 11:41:30.613732 - Epoc #	170	 11.048328161239624
2024-02-24 11:41:41.827244 - Epoc #	180	 11.213501930236816
2024-02-24 11:41:47.385872 - Time between reward step: #	202.04768800735474
2024-02-24 11:41:47.385911 - Average Score: -0.260 Elapsed time: 0:03:22.517836
2024-02-24 11:41:51.894242 - Time between reward step: #	206.55605792999268
2024-02-24 11:41:51.894282 - Average Score: -0.245 Elapsed time: 0:03:27.026208
2024-02-24 11:41:53.086395 - Epoc #	190	 11.25914192199707
2024-02-24 11:41:58.615820 - Time between reward step: #	213.2776370048523
2024-02-24 11:41:58.615845 - Average Score: -0.230 Elapsed time: 0:03:33.747774
2024-02-24 11:42:04.201526 - Epoc #	200	 11.115122079849243
2024-02-24 11:42:13.368549 - Time between reward step: #	228.03036403656006
2024-02-24 11:42:13.368588 - Average Score: -0.215 Elapsed time: 0:03:48.500514
2024-02-24 11:42:15.603361 - Epoc #	210	 11.40182614326477
2024-02-24 11:42:26.949075 - Epoc #	220	 11.345705032348633
2024-02-24 11:42:38.099374 - Epoc #	230	 11.15029001235962
2024-02-24 11:42:46.234002 - Time between reward step: #	260.8958189487457
2024-02-24 11:42:46.234029 - Average Score: -0.200 Elapsed time: 0:04:21.365957
2024-02-24 11:42:49.669145 - Epoc #	240	 11.569761991500854
2024-02-24 11:43:01.039398 - Epoc #	250	 11.370239973068237
2024-02-24 11:43:07.916604 - Time between reward step: #	282.57841897010803
2024-02-24 11:43:07.916646 - Average Score: -0.185 Elapsed time: 0:04:43.048572
2024-02-24 11:43:10.181526 - Time between reward step: #	284.8433430194855
2024-02-24 11:43:10.181554 - Average Score: -0.170 Elapsed time: 0:04:45.313483
2024-02-24 11:43:12.519944 - Epoc #	260	 11.480536937713623
2024-02-24 11:43:23.824809 - Epoc #	270	 11.304856061935425
2024-02-24 11:43:35.258649 - Epoc #	280	 11.43383002281189
2024-02-24 11:43:46.801128 - Epoc #	290	 11.542468786239624
2024-02-24 11:43:58.435640 - Epoc #	300	 11.63450312614441
2024-02-24 11:44:09.944051 - Epoc #	310	 11.508400917053223
2024-02-24 11:44:21.110135 - Epoc #	320	 11.166074991226196
2024-02-24 11:44:32.440941 - Epoc #	330	 11.330796957015991
2024-02-24 11:44:43.884760 - Epoc #	340	 11.443808794021606
2024-02-24 11:44:55.354248 - Epoc #	350	 11.469478130340576
2024-02-24 11:45:06.673016 - Epoc #	360	 11.318758964538574
2024-02-24 11:45:18.007891 - Epoc #	370	 11.334866046905518
2024-02-24 11:45:29.343060 - Epoc #	380	 11.33516001701355
2024-02-24 11:45:40.783749 - Epoc #	390	 11.440680027008057
2024-02-24 11:45:52.421835 - Epoc #	400	 11.638075828552246
2024-02-24 11:46:04.027808 - Epoc #	410	 11.605963945388794
2024-02-24 11:46:15.536947 - Epoc #	420	 11.509130954742432
2024-02-24 11:46:26.949912 - Epoc #	430	 11.412955045700073
2024-02-24 11:46:38.485174 - Epoc #	440	 11.53525185585022
2024-02-24 11:46:50.078446 - Epoc #	450	 11.593263149261475
2024-02-24 11:47:01.814107 - Epoc #	460	 11.735651969909668
2024-02-24 11:47:13.701230 - Epoc #	470	 11.887113094329834
2024-02-24 11:47:25.493148 - Epoc #	480	 11.791908979415894
2024-02-24 11:47:37.220930 - Epoc #	490	 11.727768898010254
2024-02-24 11:47:48.875546 - Epoc #	500	 11.654606819152832
2024-02-24 11:48:00.854850 - Epoc #	510	 11.9792959690094
2024-02-24 11:48:12.543186 - Epoc #	520	 11.688326835632324
2024-02-24 11:48:23.992027 - Epoc #	530	 11.448832035064697
2024-02-24 11:48:35.850308 - Epoc #	540	 11.85827088356018
2024-02-24 11:48:47.741712 - Epoc #	550	 11.891395092010498
2024-02-24 11:48:59.320184 - Epoc #	560	 11.578462839126587
2024-02-24 11:49:11.130276 - Epoc #	570	 11.810082912445068
2024-02-24 11:49:23.052973 - Epoc #	580	 11.922688961029053
2024-02-24 11:49:34.796744 - Epoc #	590	 11.743762016296387
2024-02-24 11:49:46.593147 - Epoc #	600	 11.796392917633057
2024-02-24 11:49:58.328246 - Epoc #	610	 11.73508906364441
2024-02-24 11:50:09.961192 - Epoc #	620	 11.632936000823975
2024-02-24 11:50:21.679104 - Epoc #	630	 11.717903137207031
2024-02-24 11:50:33.489251 - Epoc #	640	 11.810136795043945
2024-02-24 11:50:45.320350 - Epoc #	650	 11.83108901977539
2024-02-24 11:50:56.941971 - Epoc #	660	 11.62161111831665
2024-02-24 11:51:08.546793 - Epoc #	670	 11.604811906814575
2024-02-24 11:51:20.249779 - Epoc #	680	 11.702976942062378
2024-02-24 11:51:32.181409 - Epoc #	690	 11.931620121002197
2024-02-24 11:51:43.549593 - Epoc #	700	 11.368174076080322
2024-02-24 11:51:55.384920 - Epoc #	710	 11.835315942764282
2024-02-24 11:52:07.073477 - Epoc #	720	 11.688549041748047
2024-02-24 11:52:18.768618 - Epoc #	730	 11.695131063461304
2024-02-24 11:52:30.206339 - Epoc #	740	 11.437711000442505
2024-02-24 11:52:41.769414 - Epoc #	750	 11.56306505203247
2024-02-24 11:52:53.368620 - Epoc #	760	 11.599197149276733
2024-02-24 11:53:05.073360 - Epoc #	770	 11.704730987548828
2024-02-24 11:53:16.838916 - Epoc #	780	 11.765547037124634
2024-02-24 11:53:28.482117 - Epoc #	790	 11.643192052841187
2024-02-24 11:53:40.399125 - Epoc #	800	 11.916998147964478
2024-02-24 11:53:52.523311 - Epoc #	810	 12.124176979064941
2024-02-24 11:54:04.648110 - Epoc #	820	 12.12479019165039
2024-02-24 11:54:16.821497 - Epoc #	830	 12.173377990722656
2024-02-24 11:54:28.636197 - Epoc #	840	 11.814691066741943
2024-02-24 11:54:40.633329 - Epoc #	850	 11.997121810913086
2024-02-24 11:54:52.574504 - Epoc #	860	 11.941167116165161
2024-02-24 11:55:04.288523 - Epoc #	870	 11.714010000228882
2024-02-24 11:55:16.146800 - Epoc #	880	 11.858268022537231
2024-02-24 11:55:27.797490 - Epoc #	890	 11.650681018829346
2024-02-24 11:55:39.753958 - Epoc #	900	 11.95645809173584
2024-02-24 11:55:51.897266 - Epoc #	910	 12.143299102783203
2024-02-24 11:56:03.823126 - Epoc #	920	 11.925851106643677
2024-02-24 11:56:15.991455 - Epoc #	930	 12.168319940567017
2024-02-24 11:56:28.108557 - Epoc #	940	 12.117092847824097
2024-02-24 11:56:40.226386 - Epoc #	950	 12.117820024490356
2024-02-24 11:56:52.157572 - Epoc #	960	 11.931176900863647
2024-02-24 11:57:04.005535 - Epoc #	970	 11.847953081130981
2024-02-24 11:57:15.998964 - Epoc #	980	 11.993420124053955
2024-02-24 11:57:27.885169 - Epoc #	990	 11.886194944381714
2024-02-24 11:57:39.794963 - Epoc #	1000	 11.909785032272339
2024-02-24 11:57:51.768843 - Epoc #	1010	 11.973871231079102
2024-02-24 11:58:03.572659 - Epoc #	1020	 11.803806066513062
2024-02-24 11:58:15.655807 - Epoc #	1030	 12.08313798904419
2024-02-24 11:58:27.525217 - Epoc #	1040	 11.869400978088379
2024-02-24 11:58:39.491025 - Epoc #	1050	 11.965797901153564
2024-02-24 11:58:51.163982 - Epoc #	1060	 11.672948122024536
2024-02-24 11:59:02.751169 - Epoc #	1070	 11.587177991867065
2024-02-24 11:59:14.459013 - Epoc #	1080	 11.707834005355835
2024-02-24 11:59:26.396806 - Epoc #	1090	 11.93778395652771
2024-02-24 11:59:38.222616 - Epoc #	1100	 11.825802087783813
2024-02-24 11:59:50.281794 - Epoc #	1110	 12.059168100357056
2024-02-24 11:59:52.801151 - Time between reward step: #	1287.4629678726196
2024-02-24 11:59:52.801177 - Average Score: -0.155 Elapsed time: 0:21:27.933104
2024-02-24 12:00:02.279745 - Epoc #	1120	 11.997941017150879
2024-02-24 12:00:14.214082 - Epoc #	1130	 11.934325933456421
2024-02-24 12:00:26.107812 - Epoc #	1140	 11.893721103668213
2024-02-24 12:00:38.332352 - Epoc #	1150	 12.22452998161316
2024-02-24 12:00:50.421859 - Epoc #	1160	 12.089498043060303
2024-02-24 12:01:02.492845 - Epoc #	1170	 12.070976972579956
2024-02-24 12:01:14.619614 - Epoc #	1180	 12.126760005950928
2024-02-24 12:01:24.260489 - Time between reward step: #	1378.9223039150238
2024-02-24 12:01:24.260528 - Average Score: -0.140 Elapsed time: 0:22:59.392454
2024-02-24 12:01:26.727587 - Epoc #	1190	 12.107964038848877
2024-02-24 12:01:38.806151 - Epoc #	1200	 12.078553915023804
2024-02-24 12:01:50.891024 - Epoc #	1210	 12.084864139556885
2024-02-24 12:02:02.885159 - Epoc #	1220	 11.99412488937378
2024-02-24 12:02:14.955916 - Epoc #	1230	 12.070748090744019
2024-02-24 12:02:26.955521 - Epoc #	1240	 11.999595165252686
2024-02-24 12:02:39.120034 - Epoc #	1250	 12.164503812789917
2024-02-24 12:02:50.948182 - Epoc #	1260	 11.828139066696167
2024-02-24 12:03:02.888845 - Epoc #	1270	 11.940653800964355
2024-02-24 12:03:09.024961 - Time between reward step: #	1483.686777830124
2024-02-24 12:03:09.024990 - Average Score: -0.125 Elapsed time: 0:24:44.156918
2024-02-24 12:03:14.985399 - Epoc #	1280	 12.096544981002808
2024-02-24 12:03:26.999435 - Epoc #	1290	 12.014025926589966
2024-02-24 12:03:39.065421 - Epoc #	1300	 12.065977096557617
2024-02-24 12:03:46.410579 - Time between reward step: #	1521.0723948478699
2024-02-24 12:03:46.410606 - Average Score: -0.110 Elapsed time: 0:25:21.542535
2024-02-24 12:03:51.224824 - Epoc #	1310	 12.159392833709717
2024-02-24 12:04:03.143037 - Epoc #	1320	 11.918203115463257
2024-02-24 12:04:15.065471 - Epoc #	1330	 11.922423839569092
2024-02-24 12:04:27.203610 - Epoc #	1340	 12.138129949569702
2024-02-24 12:04:39.503538 - Epoc #	1350	 12.299919128417969
2024-02-24 12:04:51.601437 - Epoc #	1360	 12.097891092300415
2024-02-24 12:05:03.799983 - Epoc #	1370	 12.198537826538086
2024-02-24 12:05:16.050533 - Epoc #	1380	 12.250540971755981
2024-02-24 12:05:28.248851 - Epoc #	1390	 12.198308944702148
2024-02-24 12:05:40.345396 - Epoc #	1400	 12.096535921096802
2024-02-24 12:05:52.286095 - Epoc #	1410	 11.940688848495483
2024-02-24 12:06:04.231703 - Epoc #	1420	 11.94559907913208
2024-02-24 12:06:16.452769 - Epoc #	1430	 12.221057891845703
2024-02-24 12:06:28.581038 - Epoc #	1440	 12.128259897232056
2024-02-24 12:06:40.713973 - Epoc #	1450	 12.132925987243652
2024-02-24 12:06:52.972463 - Epoc #	1460	 12.258480072021484
2024-02-24 12:07:05.075313 - Epoc #	1470	 12.102841138839722
2024-02-24 12:07:17.379088 - Epoc #	1480	 12.303766012191772
2024-02-24 12:07:29.435627 - Epoc #	1490	 12.056529998779297
2024-02-24 12:07:41.430017 - Epoc #	1500	 11.994380950927734
2024-02-24 12:07:53.395489 - Epoc #	1510	 11.965462923049927
2024-02-24 12:08:05.680494 - Epoc #	1520	 12.284995079040527
2024-02-24 12:08:17.896041 - Epoc #	1530	 12.215538024902344
2024-02-24 12:08:30.089437 - Epoc #	1540	 12.193382978439331
2024-02-24 12:08:42.221904 - Epoc #	1550	 12.13245701789856
2024-02-24 12:08:54.403055 - Epoc #	1560	 12.18114185333252
2024-02-24 12:09:06.824408 - Epoc #	1570	 12.42134404182434
2024-02-24 12:09:19.604511 - Epoc #	1580	 12.78009295463562
2024-02-24 12:09:32.221304 - Epoc #	1590	 12.61678409576416
2024-02-24 12:09:44.954461 - Epoc #	1600	 12.733147144317627
2024-02-24 12:09:57.452289 - Epoc #	1610	 12.497818946838379
2024-02-24 12:10:09.747017 - Epoc #	1620	 12.294717788696289
2024-02-24 12:10:21.977567 - Epoc #	1630	 12.230542182922363
2024-02-24 12:10:34.180228 - Epoc #	1640	 12.202651023864746
2024-02-24 12:10:46.265096 - Epoc #	1650	 12.084857940673828
2024-02-24 12:10:58.444285 - Epoc #	1660	 12.179178953170776
2024-02-24 12:11:10.617710 - Epoc #	1670	 12.173415184020996
2024-02-24 12:11:22.872735 - Epoc #	1680	 12.255014896392822
2024-02-24 12:11:35.065759 - Epoc #	1690	 12.193012952804565
2024-02-24 12:11:47.296398 - Epoc #	1700	 12.230628967285156
2024-02-24 12:11:59.878551 - Epoc #	1710	 12.582144021987915
2024-02-24 12:12:12.512171 - Epoc #	1720	 12.633610963821411
2024-02-24 12:12:24.645677 - Epoc #	1730	 12.1334969997406
2024-02-24 12:12:37.169735 - Epoc #	1740	 12.524048805236816
2024-02-24 12:12:49.599163 - Epoc #	1750	 12.429419040679932
2024-02-24 12:13:01.938311 - Epoc #	1760	 12.339139938354492
2024-02-24 12:13:14.224268 - Epoc #	1770	 12.285947799682617
2024-02-24 12:13:26.407246 - Epoc #	1780	 12.182968139648438
2024-02-24 12:13:38.593090 - Epoc #	1790	 12.185833930969238
2024-02-24 12:13:51.055974 - Epoc #	1800	 12.462873935699463
2024-02-24 12:14:03.217362 - Epoc #	1810	 12.161379098892212
2024-02-24 12:14:15.440242 - Epoc #	1820	 12.22287106513977
2024-02-24 12:14:27.654390 - Epoc #	1830	 12.21413803100586
2024-02-24 12:14:40.096509 - Epoc #	1840	 12.442109823226929
2024-02-24 12:14:52.373311 - Epoc #	1850	 12.276793003082275
2024-02-24 12:15:04.796868 - Epoc #	1860	 12.423547983169556
2024-02-24 12:15:17.195223 - Epoc #	1870	 12.398345947265625
2024-02-24 12:15:29.601970 - Epoc #	1880	 12.406736850738525
2024-02-24 12:15:41.969948 - Epoc #	1890	 12.367968082427979
2024-02-24 12:15:54.379012 - Epoc #	1900	 12.40905499458313
2024-02-24 12:16:06.870664 - Epoc #	1910	 12.491641998291016
2024-02-24 12:16:19.177553 - Epoc #	1920	 12.306880235671997
2024-02-24 12:16:31.400690 - Epoc #	1930	 12.223129034042358
2024-02-24 12:16:43.703577 - Epoc #	1940	 12.30287790298462
2024-02-24 12:16:56.066961 - Epoc #	1950	 12.36337399482727
2024-02-24 12:17:08.436520 - Epoc #	1960	 12.369549036026001
2024-02-24 12:17:20.691095 - Epoc #	1970	 12.254565000534058
2024-02-24 12:17:32.823380 - Epoc #	1980	 12.132274866104126
2024-02-24 12:17:45.142672 - Epoc #	1990	 12.31928300857544
2024-02-24 12:17:57.567363 - Epoc #	2000	 12.424681901931763
2024-02-24 12:18:09.821636 - Epoc #	2010	 12.254262924194336
2024-02-24 12:18:22.155415 - Epoc #	2020	 12.333770036697388
2024-02-24 12:18:34.379034 - Epoc #	2030	 12.223609924316406
2024-02-24 12:18:46.640809 - Epoc #	2040	 12.261765956878662
2024-02-24 12:18:58.978552 - Epoc #	2050	 12.337733030319214
2024-02-24 12:19:11.306073 - Epoc #	2060	 12.327510833740234
2024-02-24 12:19:23.859322 - Epoc #	2070	 12.553240060806274
2024-02-24 12:19:36.223202 - Epoc #	2080	 12.363870859146118
2024-02-24 12:19:48.638064 - Epoc #	2090	 12.414851903915405
2024-02-24 12:20:01.238385 - Epoc #	2100	 12.600313186645508
2024-02-24 12:20:13.584051 - Epoc #	2110	 12.345656156539917
2024-02-24 12:20:25.951858 - Epoc #	2120	 12.367797136306763
2024-02-24 12:20:38.333244 - Epoc #	2130	 12.38137698173523
2024-02-24 12:20:50.807179 - Epoc #	2140	 12.4739248752594
2024-02-24 12:21:03.295630 - Epoc #	2150	 12.488441944122314
2024-02-24 12:21:15.947750 - Epoc #	2160	 12.652111053466797
2024-02-24 12:21:28.481943 - Epoc #	2170	 12.534183979034424
2024-02-24 12:21:40.900141 - Epoc #	2180	 12.41818904876709
2024-02-24 12:21:53.051535 - Epoc #	2190	 12.151385068893433
2024-02-24 12:22:05.474305 - Epoc #	2200	 12.422760009765625
2024-02-24 12:22:17.801837 - Epoc #	2210	 12.327522039413452
2024-02-24 12:22:30.065155 - Epoc #	2220	 12.263309001922607
2024-02-24 12:22:42.174484 - Epoc #	2230	 12.109319925308228
2024-02-24 12:22:54.655733 - Epoc #	2240	 12.481240034103394
2024-02-24 12:23:07.361343 - Epoc #	2250	 12.70560097694397
2024-02-24 12:23:20.091171 - Epoc #	2260	 12.729819059371948
2024-02-24 12:23:32.389603 - Epoc #	2270	 12.298423051834106
2024-02-24 12:23:44.807438 - Epoc #	2280	 12.417826175689697
2024-02-24 12:23:56.996550 - Epoc #	2290	 12.189103126525879
2024-02-24 12:24:09.527105 - Epoc #	2300	 12.530545949935913
2024-02-24 12:24:22.309219 - Epoc #	2310	 12.782104015350342
2024-02-24 12:24:34.979403 - Epoc #	2320	 12.670170068740845
2024-02-24 12:24:47.348390 - Epoc #	2330	 12.368978023529053
2024-02-24 12:24:59.563065 - Epoc #	2340	 12.214664936065674
2024-02-24 12:25:12.049121 - Epoc #	2350	 12.48604702949524
2024-02-24 12:25:24.836712 - Epoc #	2360	 12.787581205368042
2024-02-24 12:25:37.424908 - Epoc #	2370	 12.588187217712402
2024-02-24 12:25:49.941680 - Epoc #	2380	 12.516762018203735
2024-02-24 12:26:02.371461 - Epoc #	2390	 12.429772138595581
2024-02-24 12:26:14.733946 - Epoc #	2400	 12.362476110458374
2024-02-24 12:26:27.145795 - Epoc #	2410	 12.411839008331299
2024-02-24 12:26:39.376234 - Epoc #	2420	 12.23042893409729
2024-02-24 12:26:51.716983 - Epoc #	2430	 12.340739011764526
2024-02-24 12:27:04.119048 - Epoc #	2440	 12.402055025100708
2024-02-24 12:27:16.326700 - Epoc #	2450	 12.207641839981079
2024-02-24 12:27:28.613993 - Epoc #	2460	 12.287282943725586
2024-02-24 12:27:40.685756 - Epoc #	2470	 12.071753025054932
2024-02-24 12:27:52.660326 - Epoc #	2480	 11.974561929702759
2024-02-24 12:28:04.738942 - Epoc #	2490	 12.078605890274048
2024-02-24 12:28:17.114739 - Epoc #	2500	 12.375787019729614
2024-02-24 12:28:29.735876 - Epoc #	2510	 12.621127128601074
2024-02-24 12:28:42.213480 - Epoc #	2520	 12.477593898773193
2024-02-24 12:28:54.804926 - Epoc #	2530	 12.591437101364136
2024-02-24 12:29:07.280784 - Epoc #	2540	 12.475848197937012
2024-02-24 12:29:19.591331 - Epoc #	2550	 12.310537099838257
2024-02-24 12:29:32.194373 - Epoc #	2560	 12.603032112121582
2024-02-24 12:29:44.482391 - Epoc #	2570	 12.288008213043213
2024-02-24 12:29:57.076197 - Epoc #	2580	 12.593796968460083
2024-02-24 12:30:09.517445 - Epoc #	2590	 12.441238164901733
2024-02-24 12:30:21.972045 - Epoc #	2600	 12.454590797424316
2024-02-24 12:30:34.479949 - Epoc #	2610	 12.507895946502686
2024-02-24 12:30:46.823307 - Epoc #	2620	 12.343348026275635
2024-02-24 12:30:59.452833 - Epoc #	2630	 12.629515886306763
2024-02-24 12:31:12.012301 - Epoc #	2640	 12.55945897102356
2024-02-24 12:31:24.169571 - Epoc #	2650	 12.157262086868286
2024-02-24 12:31:36.483302 - Epoc #	2660	 12.313722133636475
2024-02-24 12:31:48.959242 - Epoc #	2670	 12.47593092918396
2024-02-24 12:32:01.139275 - Epoc #	2680	 12.180023908615112
2024-02-24 12:32:13.367174 - Epoc #	2690	 12.227890014648438
2024-02-24 12:32:25.592965 - Epoc #	2700	 12.225781202316284
2024-02-24 12:32:37.779205 - Epoc #	2710	 12.186231136322021
2024-02-24 12:32:50.125268 - Epoc #	2720	 12.346053838729858
2024-02-24 12:33:02.415033 - Epoc #	2730	 12.289756059646606
2024-02-24 12:33:14.640331 - Epoc #	2740	 12.225287914276123
2024-02-24 12:33:27.142905 - Epoc #	2750	 12.502565860748291
2024-02-24 12:33:39.500664 - Epoc #	2760	 12.35775089263916
2024-02-24 12:33:51.911522 - Epoc #	2770	 12.410847902297974
2024-02-24 12:34:04.348576 - Epoc #	2780	 12.437044143676758
2024-02-24 12:34:16.896626 - Epoc #	2790	 12.548040866851807
2024-02-24 12:34:29.302678 - Epoc #	2800	 12.40604305267334
2024-02-24 12:34:41.452520 - Epoc #	2810	 12.149832963943481
2024-02-24 12:34:53.740677 - Epoc #	2820	 12.288147211074829
2024-02-24 12:35:06.151975 - Epoc #	2830	 12.411288976669312
2024-02-24 12:35:18.461503 - Epoc #	2840	 12.309518098831177
2024-02-24 12:35:30.935429 - Epoc #	2850	 12.473917007446289
2024-02-24 12:35:43.188811 - Epoc #	2860	 12.25337290763855
2024-02-24 12:35:55.508106 - Epoc #	2870	 12.319285869598389
2024-02-24 12:36:07.974096 - Epoc #	2880	 12.465981006622314
2024-02-24 12:36:20.460929 - Epoc #	2890	 12.486824035644531
2024-02-24 12:36:33.012033 - Epoc #	2900	 12.551095008850098
2024-02-24 12:36:45.251516 - Epoc #	2910	 12.239474058151245
2024-02-24 12:36:57.663802 - Epoc #	2920	 12.412275791168213
2024-02-24 12:37:10.246394 - Epoc #	2930	 12.582584142684937
2024-02-24 12:37:22.436064 - Epoc #	2940	 12.189661026000977
2024-02-24 12:37:34.833503 - Epoc #	2950	 12.397429943084717
2024-02-24 12:37:47.348342 - Epoc #	2960	 12.51482892036438
2024-02-24 12:37:59.725381 - Epoc #	2970	 12.377028942108154
2024-02-24 12:38:12.223277 - Epoc #	2980	 12.497886180877686
2024-02-24 12:38:24.517282 - Epoc #	2990	 12.29399585723877
2024-02-24 12:38:36.567524 - Epoc #	3000	 12.050234079360962
2024-02-24 12:38:48.819745 - Epoc #	3010	 12.252211093902588
2024-02-24 12:39:01.050933 - Epoc #	3020	 12.231178045272827
2024-02-24 12:39:13.496505 - Epoc #	3030	 12.44556212425232
2024-02-24 12:39:25.866828 - Epoc #	3040	 12.370313882827759
2024-02-24 12:39:38.219492 - Epoc #	3050	 12.352654933929443
2024-02-24 12:39:50.765153 - Epoc #	3060	 12.545650959014893
2024-02-24 12:40:03.209477 - Epoc #	3070	 12.444314956665039
2024-02-24 12:40:15.800643 - Epoc #	3080	 12.591158151626587
2024-02-24 12:40:28.409038 - Epoc #	3090	 12.60838508605957
2024-02-24 12:40:40.823450 - Epoc #	3100	 12.41440200805664
2024-02-24 12:40:53.507428 - Epoc #	3110	 12.68396782875061
2024-02-24 12:41:06.210488 - Epoc #	3120	 12.703050136566162
2024-02-24 12:41:18.971324 - Epoc #	3130	 12.760825872421265
2024-02-24 12:41:31.686906 - Epoc #	3140	 12.715573072433472
2024-02-24 12:41:44.181238 - Epoc #	3150	 12.494323015213013
2024-02-24 12:41:56.947681 - Epoc #	3160	 12.766433000564575
2024-02-24 12:42:09.574917 - Epoc #	3170	 12.627227067947388
2024-02-24 12:42:22.251255 - Epoc #	3180	 12.676328897476196
2024-02-24 12:42:34.819002 - Epoc #	3190	 12.567738056182861
2024-02-24 12:42:47.587632 - Epoc #	3200	 12.768622159957886
2024-02-24 12:43:00.209773 - Epoc #	3210	 12.622132062911987
2024-02-24 12:43:12.797897 - Epoc #	3220	 12.588114976882935
2024-02-24 12:43:25.482503 - Epoc #	3230	 12.68459701538086
2024-02-24 12:43:37.973477 - Epoc #	3240	 12.49096417427063
2024-02-24 12:43:50.649765 - Epoc #	3250	 12.676279067993164
2024-02-24 12:44:03.367037 - Epoc #	3260	 12.717262029647827
2024-02-24 12:44:15.818401 - Epoc #	3270	 12.451354026794434
2024-02-24 12:44:28.475245 - Epoc #	3280	 12.65683388710022
2024-02-24 12:44:41.162053 - Epoc #	3290	 12.68679690361023
2024-02-24 12:44:53.755538 - Epoc #	3300	 12.593474864959717
2024-02-24 12:45:06.622912 - Epoc #	3310	 12.867363929748535
2024-02-24 12:45:19.412256 - Epoc #	3320	 12.789334058761597
2024-02-24 12:45:32.115089 - Epoc #	3330	 12.702821016311646
2024-02-24 12:45:44.778916 - Epoc #	3340	 12.663817167282104
2024-02-24 12:45:57.407055 - Epoc #	3350	 12.628129005432129
2024-02-24 12:46:10.353458 - Epoc #	3360	 12.946394205093384
2024-02-24 12:46:22.919978 - Epoc #	3370	 12.56650996208191
2024-02-24 12:46:35.428297 - Epoc #	3380	 12.508310079574585
2024-02-24 12:46:47.694044 - Epoc #	3390	 12.265738010406494
2024-02-24 12:47:00.125360 - Epoc #	3400	 12.431306838989258
2024-02-24 12:47:12.402817 - Epoc #	3410	 12.277447938919067
2024-02-24 12:47:24.697570 - Epoc #	3420	 12.29474401473999
2024-02-24 12:47:36.960807 - Epoc #	3430	 12.263226985931396
2024-02-24 12:47:49.229521 - Epoc #	3440	 12.268704891204834
2024-02-24 12:48:01.619478 - Epoc #	3450	 12.389947891235352
2024-02-24 12:48:13.937263 - Epoc #	3460	 12.317775964736938
2024-02-24 12:48:26.259539 - Epoc #	3470	 12.322267055511475
2024-02-24 12:48:38.791852 - Epoc #	3480	 12.532303094863892
2024-02-24 12:48:51.410865 - Epoc #	3490	 12.619004011154175
2024-02-24 12:49:04.091707 - Epoc #	3500	 12.680832862854004
2024-02-24 12:49:16.763541 - Epoc #	3510	 12.671823978424072
2024-02-24 12:49:29.279363 - Epoc #	3520	 12.515813112258911
2024-02-24 12:49:41.785097 - Epoc #	3530	 12.50572419166565
2024-02-24 12:49:54.264125 - Epoc #	3540	 12.479018211364746
2024-02-24 12:50:06.583015 - Epoc #	3550	 12.318880796432495
2024-02-24 12:50:19.071208 - Epoc #	3560	 12.48818302154541
2024-02-24 12:50:31.572832 - Epoc #	3570	 12.501614093780518
2024-02-24 12:50:44.072009 - Epoc #	3580	 12.499167919158936
2024-02-24 12:50:56.524942 - Epoc #	3590	 12.452922821044922
2024-02-24 12:51:08.898342 - Epoc #	3600	 12.373391151428223
2024-02-24 12:51:21.200067 - Epoc #	3610	 12.301716089248657
2024-02-24 12:51:33.470470 - Epoc #	3620	 12.27039384841919
2024-02-24 12:51:45.720898 - Epoc #	3630	 12.25041913986206
2024-02-24 12:51:57.897436 - Epoc #	3640	 12.176529169082642
2024-02-24 12:52:10.334706 - Epoc #	3650	 12.437260150909424
2024-02-24 12:52:22.771321 - Epoc #	3660	 12.43660593032837
2024-02-24 12:52:35.078145 - Epoc #	3670	 12.30681586265564
2024-02-24 12:52:47.866948 - Epoc #	3680	 12.788793087005615
2024-02-24 12:53:00.319625 - Epoc #	3690	 12.452668190002441
2024-02-24 12:53:12.892046 - Epoc #	3700	 12.572412014007568
2024-02-24 12:53:25.465374 - Epoc #	3710	 12.57331895828247
2024-02-24 12:53:38.070306 - Epoc #	3720	 12.604923009872437
2024-02-24 12:53:50.640408 - Epoc #	3730	 12.570092916488647
2024-02-24 12:54:03.070227 - Epoc #	3740	 12.429810047149658
2024-02-24 12:54:15.722751 - Epoc #	3750	 12.652515172958374
2024-02-24 12:54:28.269419 - Epoc #	3760	 12.546658992767334
2024-02-24 12:54:40.614573 - Epoc #	3770	 12.345144987106323
2024-02-24 12:54:53.083180 - Epoc #	3780	 12.468597888946533
2024-02-24 12:55:05.853258 - Epoc #	3790	 12.770069122314453
2024-02-24 12:55:18.349836 - Epoc #	3800	 12.496570110321045
2024-02-24 12:55:30.988404 - Epoc #	3810	 12.63855791091919
2024-02-24 12:55:43.493350 - Epoc #	3820	 12.504936933517456
2024-02-24 12:55:56.004442 - Epoc #	3830	 12.511084079742432
2024-02-24 12:56:08.335198 - Epoc #	3840	 12.330747127532959
2024-02-24 12:56:21.247196 - Epoc #	3850	 12.911988973617554
2024-02-24 12:56:33.927873 - Epoc #	3860	 12.680668115615845
2024-02-24 12:56:46.546323 - Epoc #	3870	 12.618442058563232
2024-02-24 12:56:58.938641 - Epoc #	3880	 12.392307996749878
2024-02-24 12:57:12.057705 - Epoc #	3890	 13.119055032730103
2024-02-24 12:57:25.076626 - Epoc #	3900	 13.018911123275757
2024-02-24 12:57:37.616598 - Epoc #	3910	 12.53996205329895
2024-02-24 12:57:50.300997 - Epoc #	3920	 12.6843900680542
2024-02-24 12:58:03.032403 - Epoc #	3930	 12.731396913528442
2024-02-24 12:58:15.747833 - Epoc #	3940	 12.715420007705688
2024-02-24 12:58:28.489219 - Epoc #	3950	 12.741375923156738
2024-02-24 12:58:40.998761 - Epoc #	3960	 12.50953197479248
2024-02-24 12:58:53.402362 - Epoc #	3970	 12.40359115600586
2024-02-24 12:59:06.044089 - Epoc #	3980	 12.641716957092285
2024-02-24 12:59:18.381303 - Epoc #	3990	 12.337204933166504
2024-02-24 12:59:30.751340 - Epoc #	4000	 12.37002682685852
2024-02-24 12:59:43.315829 - Epoc #	4010	 12.564480066299438
2024-02-24 12:59:55.655626 - Epoc #	4020	 12.33978796005249
2024-02-24 13:00:08.274324 - Epoc #	4030	 12.618689060211182
2024-02-24 13:00:20.685657 - Epoc #	4040	 12.41132402420044
2024-02-24 13:00:33.247677 - Epoc #	4050	 12.562011957168579
2024-02-24 13:00:46.008187 - Epoc #	4060	 12.760499954223633
2024-02-24 13:00:58.667536 - Epoc #	4070	 12.659339904785156
2024-02-24 13:01:11.143234 - Epoc #	4080	 12.475688934326172
2024-02-24 13:01:23.586620 - Epoc #	4090	 12.443376064300537
2024-02-24 13:01:36.097326 - Epoc #	4100	 12.51069688796997
2024-02-24 13:01:48.752102 - Epoc #	4110	 12.654764890670776
2024-02-24 13:02:02.066770 - Epoc #	4120	 13.314659118652344
2024-02-24 13:02:14.786698 - Epoc #	4130	 12.719918966293335
2024-02-24 13:02:27.288441 - Epoc #	4140	 12.501729965209961
2024-02-24 13:02:40.140394 - Epoc #	4150	 12.851943969726562
2024-02-24 13:02:52.620997 - Epoc #	4160	 12.480593919754028
2024-02-24 13:03:05.305182 - Epoc #	4170	 12.684175968170166
2024-02-24 13:03:17.983106 - Epoc #	4180	 12.677913904190063
2024-02-24 13:03:30.668460 - Epoc #	4190	 12.68534517288208
2024-02-24 13:03:43.222112 - Epoc #	4200	 12.553643226623535
2024-02-24 13:03:55.963927 - Epoc #	4210	 12.741806030273438
2024-02-24 13:04:08.735409 - Epoc #	4220	 12.771472930908203
2024-02-24 13:04:21.219306 - Epoc #	4230	 12.483886957168579
2024-02-24 13:04:33.655977 - Epoc #	4240	 12.436661005020142
2024-02-24 13:04:46.181975 - Epoc #	4250	 12.525988101959229
2024-02-24 13:04:58.682116 - Epoc #	4260	 12.500132083892822
2024-02-24 13:05:11.185023 - Epoc #	4270	 12.502897024154663
2024-02-24 13:05:23.577861 - Epoc #	4280	 12.392828941345215
2024-02-24 13:05:36.280327 - Epoc #	4290	 12.702455997467041
2024-02-24 13:05:49.044456 - Epoc #	4300	 12.764119863510132
2024-02-24 13:06:01.603656 - Epoc #	4310	 12.559190034866333
2024-02-24 13:06:14.146711 - Epoc #	4320	 12.543045043945312
2024-02-24 13:06:26.618099 - Epoc #	4330	 12.471378803253174
2024-02-24 13:06:39.095818 - Epoc #	4340	 12.4777090549469
2024-02-24 13:06:51.650550 - Epoc #	4350	 12.55472207069397
2024-02-24 13:07:04.337019 - Epoc #	4360	 12.686459064483643
2024-02-24 13:07:16.989963 - Epoc #	4370	 12.652935028076172
2024-02-24 13:07:29.677702 - Epoc #	4380	 12.687728881835938
2024-02-24 13:07:42.014345 - Epoc #	4390	 12.336634159088135
2024-02-24 13:07:54.495944 - Epoc #	4400	 12.481590032577515
2024-02-24 13:08:07.429225 - Epoc #	4410	 12.933271884918213
2024-02-24 13:08:20.146646 - Epoc #	4420	 12.717411041259766
2024-02-24 13:08:32.988363 - Epoc #	4430	 12.841706991195679
2024-02-24 13:08:45.831432 - Epoc #	4440	 12.843059062957764
2024-02-24 13:08:58.429000 - Epoc #	4450	 12.597558975219727
2024-02-24 13:09:11.058223 - Epoc #	4460	 12.629212141036987
2024-02-24 13:09:23.699225 - Epoc #	4470	 12.640991926193237
2024-02-24 13:09:36.301579 - Epoc #	4480	 12.602344036102295
2024-02-24 13:09:49.077977 - Epoc #	4490	 12.776387929916382
2024-02-24 13:10:01.761412 - Epoc #	4500	 12.683426141738892
2024-02-24 13:10:14.428008 - Epoc #	4510	 12.66658616065979
2024-02-24 13:10:27.217457 - Epoc #	4520	 12.789440870285034
2024-02-24 13:10:40.380738 - Epoc #	4530	 13.1632719039917
2024-02-24 13:10:53.137946 - Epoc #	4540	 12.757198095321655
2024-02-24 13:11:05.452210 - Epoc #	4550	 12.314254999160767
2024-02-24 13:11:17.985106 - Epoc #	4560	 12.532886028289795
2024-02-24 13:11:31.037935 - Epoc #	4570	 13.052819967269897
2024-02-24 13:11:43.729629 - Epoc #	4580	 12.691684007644653
2024-02-24 13:11:56.392022 - Epoc #	4590	 12.662384033203125
2024-02-24 13:12:09.004510 - Epoc #	4600	 12.612478017807007
2024-02-24 13:12:21.635481 - Epoc #	4610	 12.630959033966064
2024-02-24 13:12:34.308279 - Epoc #	4620	 12.672788858413696
2024-02-24 13:12:47.043706 - Epoc #	4630	 12.73541808128357
2024-02-24 13:12:59.695478 - Epoc #	4640	 12.651762962341309
2024-02-24 13:13:12.458940 - Epoc #	4650	 12.763453006744385
2024-02-24 13:13:25.101451 - Epoc #	4660	 12.642502069473267
2024-02-24 13:13:37.881883 - Epoc #	4670	 12.780423164367676
2024-02-24 13:13:51.051329 - Epoc #	4680	 13.169435977935791
2024-02-24 13:14:03.887135 - Epoc #	4690	 12.835796117782593
2024-02-24 13:14:16.559874 - Epoc #	4700	 12.672729969024658
2024-02-24 13:14:29.395968 - Epoc #	4710	 12.836083889007568
2024-02-24 13:14:42.219000 - Epoc #	4720	 12.823023080825806
2024-02-24 13:14:54.857942 - Epoc #	4730	 12.6389319896698
2024-02-24 13:15:07.854930 - Epoc #	4740	 12.996978998184204
2024-02-24 13:15:20.938667 - Epoc #	4750	 13.083726167678833
2024-02-24 13:15:33.930311 - Epoc #	4760	 12.991634845733643
2024-02-24 13:15:46.818563 - Epoc #	4770	 12.888242959976196
2024-02-24 13:15:59.775822 - Epoc #	4780	 12.957250118255615
2024-02-24 13:16:12.636097 - Epoc #	4790	 12.860265016555786
2024-02-24 13:16:25.615624 - Epoc #	4800	 12.979517936706543
2024-02-24 13:16:38.382135 - Epoc #	4810	 12.766502141952515
2024-02-24 13:16:51.297107 - Epoc #	4820	 12.914963006973267
2024-02-24 13:17:04.216576 - Epoc #	4830	 12.919459104537964
2024-02-24 13:17:17.254013 - Epoc #	4840	 13.03742790222168
2024-02-24 13:17:30.048612 - Epoc #	4850	 12.794587850570679
2024-02-24 13:17:43.045552 - Epoc #	4860	 12.996930837631226
2024-02-24 13:17:55.908190 - Epoc #	4870	 12.862628936767578
2024-02-24 13:18:08.709503 - Epoc #	4880	 12.80130410194397
2024-02-24 13:18:21.928276 - Epoc #	4890	 13.218764066696167
2024-02-24 13:18:34.798421 - Epoc #	4900	 12.870134830474854
2024-02-24 13:18:47.637349 - Epoc #	4910	 12.838919162750244
2024-02-24 13:19:00.385916 - Epoc #	4920	 12.748557090759277
2024-02-24 13:19:13.137974 - Epoc #	4930	 12.752048969268799
2024-02-24 13:19:25.992034 - Epoc #	4940	 12.854050874710083
2024-02-24 13:19:38.738248 - Epoc #	4950	 12.74620509147644
2024-02-24 13:19:51.821364 - Epoc #	4960	 13.083106994628906
2024-02-24 13:20:04.791251 - Epoc #	4970	 12.96987795829773
2024-02-24 13:20:18.126788 - Epoc #	4980	 13.335528135299683
2024-02-24 13:20:31.274909 - Epoc #	4990	 13.148112058639526
2024-02-24 13:20:44.240598 - Epoc #	5000	 12.96567988395691
2024-02-24 13:20:57.326914 - Epoc #	5010	 13.086307048797607
2024-02-24 13:21:10.880640 - Epoc #	5020	 13.553715944290161
2024-02-24 13:21:24.264332 - Epoc #	5030	 13.383682012557983
2024-02-24 13:21:36.987054 - Epoc #	5040	 12.72271203994751
2024-02-24 13:21:49.793410 - Epoc #	5050	 12.80634593963623
2024-02-24 13:22:02.781596 - Epoc #	5060	 12.988175868988037
2024-02-24 13:22:15.638113 - Epoc #	5070	 12.856508016586304
2024-02-24 13:22:28.092729 - Epoc #	5080	 12.454607009887695
2024-02-24 13:22:40.688214 - Epoc #	5090	 12.5954749584198
2024-02-24 13:22:53.334621 - Epoc #	5100	 12.646399021148682
2024-02-24 13:23:05.839676 - Epoc #	5110	 12.505046129226685
2024-02-24 13:23:18.469192 - Epoc #	5120	 12.629508018493652
2024-02-24 13:23:31.278874 - Epoc #	5130	 12.80967402458191
2024-02-24 13:23:43.905712 - Epoc #	5140	 12.626829147338867
2024-02-24 13:23:56.534780 - Epoc #	5150	 12.629061222076416
2024-02-24 13:24:09.544645 - Epoc #	5160	 13.009856939315796
2024-02-24 13:24:22.459751 - Epoc #	5170	 12.915096998214722
2024-02-24 13:24:35.107787 - Epoc #	5180	 12.648027181625366
2024-02-24 13:24:47.615387 - Epoc #	5190	 12.507590055465698
2024-02-24 13:25:00.466409 - Epoc #	5200	 12.851012945175171
2024-02-24 13:25:14.111189 - Epoc #	5210	 13.64477014541626
2024-02-24 13:25:27.987918 - Epoc #	5220	 13.876718997955322
2024-02-24 13:25:40.794961 - Epoc #	5230	 12.807034015655518
2024-02-24 13:25:53.515785 - Epoc #	5240	 12.720814943313599
2024-02-24 13:26:06.823568 - Epoc #	5250	 13.307774066925049
2024-02-24 13:26:20.739723 - Epoc #	5260	 13.916144847869873
2024-02-24 13:26:33.456566 - Epoc #	5270	 12.71683406829834
2024-02-24 13:26:46.045256 - Epoc #	5280	 12.588680982589722
2024-02-24 13:26:58.620147 - Epoc #	5290	 12.57488203048706
2024-02-24 13:27:12.131613 - Epoc #	5300	 13.511456966400146
2024-02-24 13:27:25.502950 - Epoc #	5310	 13.371326923370361
2024-02-24 13:27:38.908761 - Epoc #	5320	 13.405801057815552
2024-02-24 13:27:52.347420 - Epoc #	5330	 13.438649892807007
2024-02-24 13:28:05.225208 - Epoc #	5340	 12.877778053283691
2024-02-24 13:28:18.016820 - Epoc #	5350	 12.791602849960327
2024-02-24 13:28:30.901287 - Epoc #	5360	 12.884457111358643
2024-02-24 13:28:43.590856 - Epoc #	5370	 12.689560890197754
2024-02-24 13:28:56.286045 - Epoc #	5380	 12.695178985595703
2024-02-24 13:29:08.940325 - Epoc #	5390	 12.654270887374878
2024-02-24 13:29:21.489055 - Epoc #	5400	 12.548721075057983
2024-02-24 13:29:34.080967 - Epoc #	5410	 12.591900110244751
2024-02-24 13:29:47.193080 - Epoc #	5420	 13.112103939056396
2024-02-24 13:29:59.828236 - Epoc #	5430	 12.635147094726562
2024-02-24 13:30:12.523620 - Epoc #	5440	 12.695374965667725
2024-02-24 13:30:25.274820 - Epoc #	5450	 12.751190185546875
2024-02-24 13:30:38.011519 - Epoc #	5460	 12.736689805984497
2024-02-24 13:30:50.695808 - Epoc #	5470	 12.684278964996338
2024-02-24 13:31:03.509386 - Epoc #	5480	 12.813569068908691
2024-02-24 13:31:16.261176 - Epoc #	5490	 12.751780033111572
2024-02-24 13:31:29.052919 - Epoc #	5500	 12.791732788085938
2024-02-24 13:31:41.798497 - Epoc #	5510	 12.745568037033081
2024-02-24 13:31:54.413532 - Epoc #	5520	 12.615025997161865
2024-02-24 13:32:07.036589 - Epoc #	5530	 12.623044967651367
2024-02-24 13:32:19.840095 - Epoc #	5540	 12.803493976593018
2024-02-24 13:32:32.546073 - Epoc #	5550	 12.705967903137207
2024-02-24 13:32:45.040493 - Epoc #	5560	 12.494410991668701
2024-02-24 13:32:57.703719 - Epoc #	5570	 12.66321587562561
2024-02-24 13:33:10.351562 - Epoc #	5580	 12.647834062576294
2024-02-24 13:33:22.862314 - Epoc #	5590	 12.510742902755737
2024-02-24 13:33:35.651166 - Epoc #	5600	 12.788841962814331
2024-02-24 13:33:48.245230 - Epoc #	5610	 12.594053983688354
2024-02-24 13:34:00.728913 - Epoc #	5620	 12.483673095703125
2024-02-24 13:34:13.260729 - Epoc #	5630	 12.531805992126465
2024-02-24 13:34:25.483596 - Epoc #	5640	 12.22285795211792
2024-02-24 13:34:37.905071 - Epoc #	5650	 12.421465873718262
2024-02-24 13:34:50.330165 - Epoc #	5660	 12.425083875656128
2024-02-24 13:35:02.921741 - Epoc #	5670	 12.591567039489746
2024-02-24 13:35:15.290051 - Epoc #	5680	 12.368300914764404
2024-02-24 13:35:27.650601 - Epoc #	5690	 12.360541105270386
2024-02-24 13:35:40.009080 - Epoc #	5700	 12.35847020149231
2024-02-24 13:35:52.473778 - Epoc #	5710	 12.46468997001648
2024-02-24 13:36:04.938983 - Epoc #	5720	 12.465195894241333
2024-02-24 13:36:17.176667 - Epoc #	5730	 12.237673997879028
2024-02-24 13:36:29.465038 - Epoc #	5740	 12.2883620262146
2024-02-24 13:36:41.875172 - Epoc #	5750	 12.410125970840454
2024-02-24 13:36:54.326544 - Epoc #	5760	 12.451362133026123
2024-02-24 13:37:06.649368 - Epoc #	5770	 12.322813987731934
2024-02-24 13:37:19.088361 - Epoc #	5780	 12.438983917236328
2024-02-24 13:37:31.278264 - Epoc #	5790	 12.189893960952759
2024-02-24 13:37:43.649602 - Epoc #	5800	 12.371327877044678
2024-02-24 13:37:56.607702 - Epoc #	5810	 12.95809006690979
2024-02-24 13:38:09.478071 - Epoc #	5820	 12.870359897613525
2024-02-24 13:38:22.860308 - Epoc #	5830	 13.382228136062622
2024-02-24 13:38:35.470128 - Epoc #	5840	 12.60981011390686
2024-02-24 13:38:48.497633 - Epoc #	5850	 13.027495861053467
2024-02-24 13:39:01.278281 - Epoc #	5860	 12.780637979507446
2024-02-24 13:39:14.071665 - Epoc #	5870	 12.793374061584473
2024-02-24 13:39:26.750163 - Epoc #	5880	 12.67848801612854
2024-02-24 13:39:39.473583 - Epoc #	5890	 12.72340989112854
2024-02-24 13:39:52.286026 - Epoc #	5900	 12.812433004379272
2024-02-24 13:40:04.900022 - Epoc #	5910	 12.61398696899414
2024-02-24 13:40:17.291676 - Epoc #	5920	 12.391644954681396
2024-02-24 13:40:29.675622 - Epoc #	5930	 12.383935928344727
2024-02-24 13:40:41.840132 - Epoc #	5940	 12.164500951766968
2024-02-24 13:40:54.252012 - Epoc #	5950	 12.411870002746582
2024-02-24 13:41:06.939439 - Epoc #	5960	 12.687417030334473
2024-02-24 13:41:19.854935 - Epoc #	5970	 12.915483951568604
2024-02-24 13:41:32.513806 - Epoc #	5980	 12.658862113952637
2024-02-24 13:41:44.961439 - Epoc #	5990	 12.44762396812439
2024-02-24 13:41:57.466924 - Epoc #	6000	 12.5054771900177
2024-02-24 13:42:09.747914 - Epoc #	6010	 12.280980110168457
2024-02-24 13:42:22.440748 - Epoc #	6020	 12.692824840545654
2024-02-24 13:42:35.010007 - Epoc #	6030	 12.569250106811523
2024-02-24 13:42:47.563478 - Epoc #	6040	 12.553461074829102
2024-02-24 13:43:00.069084 - Epoc #	6050	 12.505597114562988
2024-02-24 13:43:12.538427 - Epoc #	6060	 12.469335079193115
2024-02-24 13:43:25.169380 - Epoc #	6070	 12.630943775177002
2024-02-24 13:43:37.720974 - Epoc #	6080	 12.551584959030151
2024-02-24 13:43:50.274388 - Epoc #	6090	 12.553404092788696
2024-02-24 13:44:03.067285 - Epoc #	6100	 12.792886972427368
2024-02-24 13:44:15.883347 - Epoc #	6110	 12.816052913665771
2024-02-24 13:44:28.618653 - Epoc #	6120	 12.735296964645386
2024-02-24 13:44:41.301052 - Epoc #	6130	 12.682387828826904
2024-02-24 13:44:54.026934 - Epoc #	6140	 12.725871801376343
2024-02-24 13:45:06.702267 - Epoc #	6150	 12.675324201583862
2024-02-24 13:45:19.468922 - Epoc #	6160	 12.766646146774292
2024-02-24 13:45:32.192820 - Epoc #	6170	 12.723888158798218
2024-02-24 13:45:45.255305 - Epoc #	6180	 13.062474966049194
2024-02-24 13:45:58.681180 - Epoc #	6190	 13.425865888595581
2024-02-24 13:46:11.518947 - Epoc #	6200	 12.83775806427002
2024-02-24 13:46:24.505594 - Epoc #	6210	 12.986638069152832
2024-02-24 13:46:37.244258 - Epoc #	6220	 12.738653898239136
2024-02-24 13:46:50.160809 - Epoc #	6230	 12.916542053222656
2024-02-24 13:47:02.996516 - Epoc #	6240	 12.835697889328003
2024-02-24 13:47:15.900851 - Epoc #	6250	 12.90432596206665
2024-02-24 13:47:28.562967 - Epoc #	6260	 12.662106990814209
2024-02-24 13:47:41.179455 - Epoc #	6270	 12.616477966308594
2024-02-24 13:47:54.219583 - Epoc #	6280	 13.040118932723999
2024-02-24 13:48:07.385919 - Epoc #	6290	 13.16632604598999
2024-02-24 13:48:20.093127 - Epoc #	6300	 12.707198858261108
2024-02-24 13:48:33.101498 - Epoc #	6310	 13.008362054824829
2024-02-24 13:48:45.952357 - Epoc #	6320	 12.850849151611328
2024-02-24 13:48:59.138908 - Epoc #	6330	 13.186540842056274
2024-02-24 13:49:11.939254 - Epoc #	6340	 12.800337076187134
2024-02-24 13:49:24.686027 - Epoc #	6350	 12.746762990951538
2024-02-24 13:49:37.171673 - Epoc #	6360	 12.485636949539185
2024-02-24 13:49:49.787996 - Epoc #	6370	 12.616313934326172
2024-02-24 13:50:02.327694 - Epoc #	6380	 12.539687871932983
2024-02-24 13:50:14.936163 - Epoc #	6390	 12.608459949493408
2024-02-24 13:50:27.536898 - Epoc #	6400	 12.600724935531616
2024-02-24 13:50:39.896181 - Epoc #	6410	 12.35927414894104
2024-02-24 13:50:52.274290 - Epoc #	6420	 12.378099918365479
2024-02-24 13:51:04.827727 - Epoc #	6430	 12.553427934646606
2024-02-24 13:51:17.322712 - Epoc #	6440	 12.494975805282593
2024-02-24 13:51:29.856829 - Epoc #	6450	 12.53410816192627
2024-02-24 13:51:42.515188 - Epoc #	6460	 12.658349990844727
2024-02-24 13:51:55.251809 - Epoc #	6470	 12.736611127853394
2024-02-24 13:52:08.311523 - Epoc #	6480	 13.059704065322876
2024-02-24 13:52:21.064495 - Epoc #	6490	 12.752963066101074
2024-02-24 13:52:33.736790 - Epoc #	6500	 12.672284841537476
2024-02-24 13:52:46.426476 - Epoc #	6510	 12.689677000045776
2024-02-24 13:52:59.194417 - Epoc #	6520	 12.76793098449707
2024-02-24 13:53:12.567360 - Epoc #	6530	 13.37293291091919
2024-02-24 13:53:25.698587 - Epoc #	6540	 13.131217956542969
2024-02-24 13:53:38.590101 - Epoc #	6550	 12.891505002975464
2024-02-24 13:53:51.305334 - Epoc #	6560	 12.71522307395935
2024-02-24 13:54:03.879828 - Epoc #	6570	 12.574484825134277
2024-02-24 13:54:16.373760 - Epoc #	6580	 12.493921995162964
2024-02-24 13:54:28.820454 - Epoc #	6590	 12.446684122085571
2024-02-24 13:54:41.389887 - Epoc #	6600	 12.569424152374268
2024-02-24 13:54:53.836823 - Epoc #	6610	 12.44692587852478
2024-02-24 13:55:06.362700 - Epoc #	6620	 12.525866985321045
2024-02-24 13:55:18.937446 - Epoc #	6630	 12.574737071990967
2024-02-24 13:55:31.629425 - Epoc #	6640	 12.691969871520996
2024-02-24 13:55:44.207145 - Epoc #	6650	 12.577709913253784
2024-02-24 13:55:57.009140 - Epoc #	6660	 12.801985025405884
2024-02-24 13:56:09.592789 - Epoc #	6670	 12.583638906478882
2024-02-24 13:56:22.234555 - Epoc #	6680	 12.641756057739258
2024-02-24 13:56:34.709126 - Epoc #	6690	 12.474560022354126
2024-02-24 13:56:47.424419 - Epoc #	6700	 12.7152841091156
2024-02-24 13:57:00.043411 - Epoc #	6710	 12.618983030319214
2024-02-24 13:57:12.813696 - Epoc #	6720	 12.770274877548218
2024-02-24 13:57:25.775398 - Epoc #	6730	 12.961688995361328
2024-02-24 13:57:38.551574 - Epoc #	6740	 12.776165008544922
2024-02-24 13:57:51.713890 - Epoc #	6750	 13.162306070327759
2024-02-24 13:58:04.336651 - Epoc #	6760	 12.622751951217651
2024-02-24 13:58:16.932421 - Epoc #	6770	 12.595760822296143
2024-02-24 13:58:29.312595 - Epoc #	6780	 12.380165100097656
2024-02-24 13:58:41.900550 - Epoc #	6790	 12.587945222854614
2024-02-24 13:58:54.509080 - Epoc #	6800	 12.608520030975342
2024-02-24 13:59:07.075797 - Epoc #	6810	 12.56670618057251
2024-02-24 13:59:19.506978 - Epoc #	6820	 12.431171894073486
2024-02-24 13:59:32.135098 - Epoc #	6830	 12.6281099319458
2024-02-24 13:59:44.732997 - Epoc #	6840	 12.597890138626099
2024-02-24 13:59:57.508688 - Epoc #	6850	 12.775681972503662
2024-02-24 14:00:10.087265 - Epoc #	6860	 12.578567028045654
2024-02-24 14:00:22.515371 - Epoc #	6870	 12.428097009658813
2024-02-24 14:00:35.244236 - Epoc #	6880	 12.728855848312378
2024-02-24 14:00:47.862729 - Epoc #	6890	 12.61848497390747
2024-02-24 14:01:00.470782 - Epoc #	6900	 12.608043909072876
2024-02-24 14:01:12.978724 - Epoc #	6910	 12.507932901382446
2024-02-24 14:01:25.678217 - Epoc #	6920	 12.69948410987854
2024-02-24 14:01:38.142427 - Epoc #	6930	 12.464200973510742
2024-02-24 14:01:50.781263 - Epoc #	6940	 12.638827085494995
2024-02-24 14:02:03.352330 - Epoc #	6950	 12.571057796478271
2024-02-24 14:02:15.892139 - Epoc #	6960	 12.539798974990845
2024-02-24 14:02:28.645209 - Epoc #	6970	 12.753061056137085
2024-02-24 14:02:41.298761 - Epoc #	6980	 12.653540849685669
2024-02-24 14:02:54.148060 - Epoc #	6990	 12.849287033081055
2024-02-24 14:03:06.721734 - Epoc #	7000	 12.573664903640747
2024-02-24 14:03:19.426526 - Epoc #	7010	 12.704782009124756
2024-02-24 14:03:32.307839 - Epoc #	7020	 12.881302833557129
2024-02-24 14:03:45.295454 - Epoc #	7030	 12.987605094909668
2024-02-24 14:03:58.065459 - Epoc #	7040	 12.769994974136353
2024-02-24 14:04:10.797031 - Epoc #	7050	 12.731563091278076
2024-02-24 14:04:23.447219 - Epoc #	7060	 12.650177955627441
2024-02-24 14:04:35.970917 - Epoc #	7070	 12.523689031600952
2024-02-24 14:04:48.591141 - Epoc #	7080	 12.620214939117432
2024-02-24 14:05:00.971803 - Epoc #	7090	 12.380652904510498
2024-02-24 14:05:13.394364 - Epoc #	7100	 12.422551155090332
2024-02-24 14:05:25.774758 - Epoc #	7110	 12.380383968353271
2024-02-24 14:05:38.132993 - Epoc #	7120	 12.358224868774414
2024-02-24 14:05:50.707181 - Epoc #	7130	 12.574180126190186
2024-02-24 14:06:03.431502 - Epoc #	7140	 12.72431206703186
2024-02-24 14:06:16.245657 - Epoc #	7150	 12.814144849777222
2024-02-24 14:06:29.123819 - Epoc #	7160	 12.878152132034302
2024-02-24 14:06:41.681069 - Epoc #	7170	 12.557239770889282
2024-02-24 14:06:54.260823 - Epoc #	7180	 12.579744100570679
2024-02-24 14:07:06.918427 - Epoc #	7190	 12.657594919204712
2024-02-24 14:07:19.508622 - Epoc #	7200	 12.59018611907959
2024-02-24 14:07:32.157920 - Epoc #	7210	 12.64928913116455
2024-02-24 14:07:44.835222 - Epoc #	7220	 12.6772940158844
2024-02-24 14:07:57.585144 - Epoc #	7230	 12.749912977218628
2024-02-24 14:08:10.186766 - Epoc #	7240	 12.601611852645874
2024-02-24 14:08:22.959479 - Epoc #	7250	 12.772704124450684
2024-02-24 14:08:35.276548 - Epoc #	7260	 12.317058801651001
2024-02-24 14:08:47.739210 - Epoc #	7270	 12.462653160095215
2024-02-24 14:09:00.221233 - Epoc #	7280	 12.48201322555542
2024-02-24 14:09:12.787980 - Epoc #	7290	 12.56673812866211
2024-02-24 14:09:24.969333 - Epoc #	7300	 12.181341886520386
2024-02-24 14:09:37.331927 - Epoc #	7310	 12.36258316040039
2024-02-24 14:09:49.886537 - Epoc #	7320	 12.554597854614258
2024-02-24 14:10:02.454292 - Epoc #	7330	 12.567744970321655
2024-02-24 14:10:14.692176 - Epoc #	7340	 12.237874031066895
2024-02-24 14:10:27.228536 - Epoc #	7350	 12.536350011825562
2024-02-24 14:10:39.696411 - Epoc #	7360	 12.467864990234375
2024-02-24 14:10:52.033724 - Epoc #	7370	 12.33730411529541
2024-02-24 14:11:04.541432 - Epoc #	7380	 12.507697820663452
2024-02-24 14:11:17.310015 - Epoc #	7390	 12.76857304573059
2024-02-24 14:11:29.908398 - Epoc #	7400	 12.59837293624878
2024-02-24 14:11:42.516915 - Epoc #	7410	 12.608508110046387
2024-02-24 14:11:55.107760 - Epoc #	7420	 12.590834856033325
2024-02-24 14:12:07.576490 - Epoc #	7430	 12.468719959259033
2024-02-24 14:12:20.149195 - Epoc #	7440	 12.572695016860962
2024-02-24 14:12:32.773843 - Epoc #	7450	 12.62463903427124
2024-02-24 14:12:45.350721 - Epoc #	7460	 12.576868057250977
2024-02-24 14:12:57.752552 - Epoc #	7470	 12.401822090148926
2024-02-24 14:13:10.416669 - Epoc #	7480	 12.664107084274292
2024-02-24 14:13:23.047951 - Epoc #	7490	 12.631272077560425
2024-02-24 14:13:35.645372 - Epoc #	7500	 12.597412109375
2024-02-24 14:13:48.293764 - Epoc #	7510	 12.648382186889648
2024-02-24 14:14:01.089278 - Epoc #	7520	 12.795504808425903
2024-02-24 14:14:13.677159 - Epoc #	7530	 12.587871074676514
2024-02-24 14:14:26.356102 - Epoc #	7540	 12.678932905197144
2024-02-24 14:14:38.981264 - Epoc #	7550	 12.625152111053467
2024-02-24 14:14:51.664654 - Epoc #	7560	 12.683380842208862
2024-02-24 14:15:04.485145 - Epoc #	7570	 12.820482015609741
2024-02-24 14:15:17.194606 - Epoc #	7580	 12.709451913833618
2024-02-24 14:15:30.114215 - Epoc #	7590	 12.919598817825317
2024-02-24 14:15:42.648229 - Epoc #	7600	 12.534004211425781
2024-02-24 14:15:55.436466 - Epoc #	7610	 12.788227081298828
2024-02-24 14:16:08.095528 - Epoc #	7620	 12.659053087234497
2024-02-24 14:16:20.814631 - Epoc #	7630	 12.719094038009644
2024-02-24 14:16:33.328769 - Epoc #	7640	 12.514127969741821
2024-02-24 14:16:45.953975 - Epoc #	7650	 12.625195980072021
2024-02-24 14:16:58.326217 - Epoc #	7660	 12.372233152389526
2024-02-24 14:17:11.041780 - Epoc #	7670	 12.715553045272827
2024-02-24 14:17:23.973430 - Epoc #	7680	 12.931641101837158
2024-02-24 14:17:36.605056 - Epoc #	7690	 12.631617069244385
2024-02-24 14:17:49.269254 - Epoc #	7700	 12.664187908172607
2024-02-24 14:18:02.027728 - Epoc #	7710	 12.758465051651001
2024-02-24 14:18:14.714839 - Epoc #	7720	 12.6871018409729
2024-02-24 14:18:27.189922 - Epoc #	7730	 12.475074052810669
2024-02-24 14:18:39.785016 - Epoc #	7740	 12.595083951950073
2024-02-24 14:18:52.371931 - Epoc #	7750	 12.58690595626831
2024-02-24 14:19:04.967619 - Epoc #	7760	 12.595678806304932
2024-02-24 14:19:17.834027 - Epoc #	7770	 12.866398096084595
2024-02-24 14:19:30.664807 - Epoc #	7780	 12.83077096939087
2024-02-24 14:19:43.218005 - Epoc #	7790	 12.553187847137451
2024-02-24 14:19:55.935376 - Epoc #	7800	 12.71736216545105
2024-02-24 14:20:08.546394 - Epoc #	7810	 12.611009120941162
2024-02-24 14:20:21.048367 - Epoc #	7820	 12.501962900161743
2024-02-24 14:20:33.841824 - Epoc #	7830	 12.793447971343994
2024-02-24 14:20:46.404246 - Epoc #	7840	 12.562412977218628
2024-02-24 14:20:59.143565 - Epoc #	7850	 12.739308834075928
2024-02-24 14:21:11.940405 - Epoc #	7860	 12.796830177307129
2024-02-24 14:21:24.647550 - Epoc #	7870	 12.707136154174805
2024-02-24 14:21:37.522732 - Epoc #	7880	 12.875172853469849
2024-02-24 14:21:50.166661 - Epoc #	7890	 12.643919944763184
2024-02-24 14:22:02.655908 - Epoc #	7900	 12.489238023757935
2024-02-24 14:22:15.269471 - Epoc #	7910	 12.613552808761597
2024-02-24 14:22:27.994875 - Epoc #	7920	 12.72539496421814
2024-02-24 14:22:40.731915 - Epoc #	7930	 12.737030029296875
2024-02-24 14:22:53.125943 - Epoc #	7940	 12.39401888847351
2024-02-24 14:23:05.701618 - Epoc #	7950	 12.575665950775146
2024-02-24 14:23:18.256329 - Epoc #	7960	 12.554702043533325
2024-02-24 14:23:30.735325 - Epoc #	7970	 12.478986024856567
2024-02-24 14:23:43.317910 - Epoc #	7980	 12.582574844360352
2024-02-24 14:23:55.754038 - Epoc #	7990	 12.436118125915527
2024-02-24 14:24:08.409515 - Epoc #	8000	 12.655467987060547
2024-02-24 14:24:21.246272 - Epoc #	8010	 12.836748123168945
2024-02-24 14:24:33.903066 - Epoc #	8020	 12.656785011291504
2024-02-24 14:24:46.588303 - Epoc #	8030	 12.685227155685425
2024-02-24 14:24:59.175344 - Epoc #	8040	 12.58703088760376
2024-02-24 14:25:11.844127 - Epoc #	8050	 12.66877293586731
2024-02-24 14:25:24.494964 - Epoc #	8060	 12.650828123092651
2024-02-24 14:25:37.159712 - Epoc #	8070	 12.66473913192749
2024-02-24 14:25:49.678686 - Epoc #	8080	 12.518965005874634
2024-02-24 14:26:02.470834 - Epoc #	8090	 12.792139053344727
2024-02-24 14:26:15.456141 - Epoc #	8100	 12.985296964645386
2024-02-24 14:26:28.245279 - Epoc #	8110	 12.78912901878357
2024-02-24 14:26:41.057940 - Epoc #	8120	 12.812651872634888
2024-02-24 14:26:54.167376 - Epoc #	8130	 13.109426021575928
2024-02-24 14:27:06.636886 - Epoc #	8140	 12.469500064849854
2024-02-24 14:27:19.689261 - Epoc #	8150	 13.052366018295288
2024-02-24 14:27:32.556932 - Epoc #	8160	 12.867660999298096
2024-02-24 14:27:45.176407 - Epoc #	8170	 12.619466066360474
2024-02-24 14:27:57.605978 - Epoc #	8180	 12.429560899734497
2024-02-24 14:28:10.252050 - Epoc #	8190	 12.646063089370728
2024-02-24 14:28:22.957505 - Epoc #	8200	 12.705446004867554
2024-02-24 14:28:35.417312 - Epoc #	8210	 12.459798097610474
2024-02-24 14:28:48.025849 - Epoc #	8220	 12.608527183532715
2024-02-24 14:29:00.429027 - Epoc #	8230	 12.40316891670227
2024-02-24 14:29:13.024688 - Epoc #	8240	 12.595650911331177
2024-02-24 14:29:25.610582 - Epoc #	8250	 12.585884094238281
2024-02-24 14:29:38.015734 - Epoc #	8260	 12.405142784118652
2024-02-24 14:29:50.484548 - Epoc #	8270	 12.468805074691772
2024-02-24 14:30:02.935246 - Epoc #	8280	 12.450687885284424
2024-02-24 14:30:15.410739 - Epoc #	8290	 12.47548508644104
2024-02-24 14:30:27.732063 - Epoc #	8300	 12.321315050125122
2024-02-24 14:30:40.247266 - Epoc #	8310	 12.515192985534668
2024-02-24 14:30:52.912419 - Epoc #	8320	 12.665143966674805
2024-02-24 14:31:05.363323 - Epoc #	8330	 12.450894832611084
2024-02-24 14:31:17.878107 - Epoc #	8340	 12.514775037765503
2024-02-24 14:31:30.622215 - Epoc #	8350	 12.744099855422974
2024-02-24 14:31:43.174847 - Epoc #	8360	 12.55262303352356
2024-02-24 14:31:55.724958 - Epoc #	8370	 12.55010199546814
2024-02-24 14:32:08.353407 - Epoc #	8380	 12.628438949584961
2024-02-24 14:32:21.012422 - Epoc #	8390	 12.659005165100098
2024-02-24 14:32:33.621433 - Epoc #	8400	 12.609001874923706
2024-02-24 14:32:46.287879 - Epoc #	8410	 12.666436910629272
2024-02-24 14:32:58.950576 - Epoc #	8420	 12.66268801689148
2024-02-24 14:33:11.783057 - Epoc #	8430	 12.83247184753418
2024-02-24 14:33:24.527002 - Epoc #	8440	 12.74393606185913
2024-02-24 14:33:37.142933 - Epoc #	8450	 12.615921020507812
2024-02-24 14:33:49.701933 - Epoc #	8460	 12.558991193771362
2024-02-24 14:34:02.369943 - Epoc #	8470	 12.667999982833862
2024-02-24 14:34:14.912016 - Epoc #	8480	 12.542064189910889
2024-02-24 14:34:27.671658 - Epoc #	8490	 12.75963306427002
2024-02-24 14:34:40.190468 - Epoc #	8500	 12.518800973892212
2024-02-24 14:34:52.900167 - Epoc #	8510	 12.709689855575562
2024-02-24 14:35:05.510600 - Epoc #	8520	 12.610424041748047
2024-02-24 14:35:18.112369 - Epoc #	8530	 12.601759910583496
2024-02-24 14:35:30.733099 - Epoc #	8540	 12.620720863342285
2024-02-24 14:35:43.287781 - Epoc #	8550	 12.554672002792358
2024-02-24 14:35:55.921554 - Epoc #	8560	 12.633764028549194
2024-02-24 14:36:08.319543 - Epoc #	8570	 12.397979021072388
2024-02-24 14:36:21.134104 - Epoc #	8580	 12.81455111503601
2024-02-24 14:36:33.688901 - Epoc #	8590	 12.554786920547485
2024-02-24 14:36:46.217397 - Epoc #	8600	 12.528486967086792
2024-02-24 14:36:58.860705 - Epoc #	8610	 12.643297910690308
2024-02-24 14:37:11.559950 - Epoc #	8620	 12.699235200881958
2024-02-24 14:37:24.053618 - Epoc #	8630	 12.493658781051636
2024-02-24 14:37:36.765717 - Epoc #	8640	 12.712090015411377
2024-02-24 14:37:49.345466 - Epoc #	8650	 12.579738855361938
2024-02-24 14:38:01.863830 - Epoc #	8660	 12.518354177474976
2024-02-24 14:38:14.617076 - Epoc #	8670	 12.753237009048462
2024-02-24 14:38:27.211081 - Epoc #	8680	 12.593996047973633
2024-02-24 14:38:39.715027 - Epoc #	8690	 12.503937005996704
2024-02-24 14:38:52.149518 - Epoc #	8700	 12.434481859207153
2024-02-24 14:39:04.874344 - Epoc #	8710	 12.724816083908081
2024-02-24 14:39:17.518943 - Epoc #	8720	 12.644589900970459
2024-02-24 14:39:30.036101 - Epoc #	8730	 12.517148971557617
2024-02-24 14:39:42.760421 - Epoc #	8740	 12.724309921264648
2024-02-24 14:39:55.382650 - Epoc #	8750	 12.622220039367676
2024-02-24 14:40:07.977254 - Epoc #	8760	 12.594595193862915
2024-02-24 14:40:20.630921 - Epoc #	8770	 12.65365719795227
2024-02-24 14:40:33.125963 - Epoc #	8780	 12.495033025741577
2024-02-24 14:40:45.967472 - Epoc #	8790	 12.841499090194702
2024-02-24 14:40:58.802666 - Epoc #	8800	 12.835184812545776
2024-02-24 14:41:11.519034 - Epoc #	8810	 12.716357946395874
2024-02-24 14:41:23.922468 - Epoc #	8820	 12.403424978256226
2024-02-24 14:41:36.623109 - Epoc #	8830	 12.700631141662598
2024-02-24 14:41:49.274130 - Epoc #	8840	 12.651011943817139
2024-02-24 14:42:02.038945 - Epoc #	8850	 12.764805793762207
2024-02-24 14:42:14.431883 - Epoc #	8860	 12.392930030822754
2024-02-24 14:42:27.079509 - Epoc #	8870	 12.647616863250732
2024-02-24 14:42:39.640847 - Epoc #	8880	 12.561327934265137
2024-02-24 14:42:51.853489 - Epoc #	8890	 12.212634086608887
2024-02-24 14:43:04.370544 - Epoc #	8900	 12.517045974731445
2024-02-24 14:43:16.773019 - Epoc #	8910	 12.402465105056763
2024-02-24 14:43:29.114202 - Epoc #	8920	 12.341173887252808
2024-02-24 14:43:41.506787 - Epoc #	8930	 12.392575979232788
2024-02-24 14:43:54.278400 - Epoc #	8940	 12.77160382270813
2024-02-24 14:44:06.860912 - Epoc #	8950	 12.582499980926514
2024-02-24 14:44:19.545024 - Epoc #	8960	 12.684103012084961
2024-02-24 14:44:32.387660 - Epoc #	8970	 12.842627048492432
2024-02-24 14:44:45.358106 - Epoc #	8980	 12.970437049865723
2024-02-24 14:44:58.035966 - Epoc #	8990	 12.677850008010864
2024-02-24 14:45:10.553722 - Epoc #	9000	 12.517747163772583
2024-02-24 14:45:23.164565 - Epoc #	9010	 12.610834121704102
2024-02-24 14:45:35.747657 - Epoc #	9020	 12.583082914352417
2024-02-24 14:45:48.349779 - Epoc #	9030	 12.602113008499146
2024-02-24 14:46:00.758804 - Epoc #	9040	 12.409016132354736
2024-02-24 14:46:13.170725 - Epoc #	9050	 12.411911964416504
2024-02-24 14:46:25.654455 - Epoc #	9060	 12.483720779418945
2024-02-24 14:46:38.254278 - Epoc #	9070	 12.59981393814087
2024-02-24 14:46:50.705293 - Epoc #	9080	 12.451004981994629
2024-02-24 14:47:03.080689 - Epoc #	9090	 12.375386953353882
2024-02-24 14:47:15.955042 - Epoc #	9100	 12.874343156814575
2024-02-24 14:47:29.032680 - Epoc #	9110	 13.077629089355469
2024-02-24 14:47:41.805530 - Epoc #	9120	 12.772840976715088
2024-02-24 14:47:54.597867 - Epoc #	9130	 12.792326927185059
2024-02-24 14:48:07.440616 - Epoc #	9140	 12.84273910522461
2024-02-24 14:48:20.286219 - Epoc #	9150	 12.84559416770935
2024-02-24 14:48:32.803244 - Epoc #	9160	 12.517016172409058
2024-02-24 14:48:45.870287 - Epoc #	9170	 13.067032814025879
2024-02-24 14:48:59.418771 - Epoc #	9180	 13.54847502708435
2024-02-24 14:49:12.816107 - Epoc #	9190	 13.397325992584229
2024-02-24 14:49:25.771784 - Epoc #	9200	 12.95566701889038
2024-02-24 14:49:38.768670 - Epoc #	9210	 12.996876955032349
2024-02-24 14:49:51.786871 - Epoc #	9220	 13.018190860748291
2024-02-24 14:50:04.797526 - Epoc #	9230	 13.010645151138306
2024-02-24 14:50:17.775531 - Epoc #	9240	 12.977996110916138
2024-02-24 14:50:30.911408 - Epoc #	9250	 13.135867834091187
2024-02-24 14:50:43.719015 - Epoc #	9260	 12.807597160339355
2024-02-24 14:50:56.500143 - Epoc #	9270	 12.781118154525757
2024-02-24 14:51:09.595059 - Epoc #	9280	 13.094905853271484
2024-02-24 14:51:22.661777 - Epoc #	9290	 13.066708087921143
2024-02-24 14:51:35.761337 - Epoc #	9300	 13.099550008773804
2024-02-24 14:51:48.760979 - Epoc #	9310	 12.999633073806763
2024-02-24 14:52:01.797023 - Epoc #	9320	 13.036034107208252
2024-02-24 14:52:15.153585 - Epoc #	9330	 13.356552839279175
2024-02-24 14:52:28.227963 - Epoc #	9340	 13.074368000030518
2024-02-24 14:52:41.292068 - Epoc #	9350	 13.064094066619873
2024-02-24 14:52:54.554330 - Epoc #	9360	 13.262253046035767
2024-02-24 14:53:07.671982 - Epoc #	9370	 13.117642879486084
2024-02-24 14:53:20.859448 - Epoc #	9380	 13.187455892562866
2024-02-24 14:53:33.979508 - Epoc #	9390	 13.120051145553589
2024-02-24 14:53:46.841587 - Epoc #	9400	 12.862070083618164
2024-02-24 14:53:59.725342 - Epoc #	9410	 12.883745908737183
2024-02-24 14:54:12.334461 - Epoc #	9420	 12.609109878540039
2024-02-24 14:54:25.045924 - Epoc #	9430	 12.711452960968018
2024-02-24 14:54:37.672929 - Epoc #	9440	 12.626996040344238
2024-02-24 14:54:50.707702 - Epoc #	9450	 13.034762859344482
2024-02-24 14:55:03.590546 - Epoc #	9460	 12.882835149765015
2024-02-24 14:55:16.633681 - Epoc #	9470	 13.04312515258789
2024-02-24 14:55:29.652140 - Epoc #	9480	 13.018450021743774
2024-02-24 14:55:42.568356 - Epoc #	9490	 12.916206121444702
2024-02-24 14:55:55.279532 - Epoc #	9500	 12.711166858673096
2024-02-24 14:56:08.398659 - Epoc #	9510	 13.119117975234985
2024-02-24 14:56:22.131800 - Epoc #	9520	 13.733132123947144
2024-02-24 14:56:35.121167 - Epoc #	9530	 12.989356994628906
2024-02-24 14:56:48.666151 - Epoc #	9540	 13.54497504234314
2024-02-24 14:57:02.135836 - Epoc #	9550	 13.469676971435547
2024-02-24 14:57:15.496395 - Epoc #	9560	 13.360549211502075
2024-02-24 14:57:28.539559 - Epoc #	9570	 13.043154954910278
2024-02-24 14:57:41.633494 - Epoc #	9580	 13.09392499923706
2024-02-24 14:57:54.838689 - Epoc #	9590	 13.205185174942017
2024-02-24 14:58:07.626351 - Epoc #	9600	 12.787652015686035
2024-02-24 14:58:20.527411 - Epoc #	9610	 12.9010488986969
2024-02-24 14:58:33.700536 - Epoc #	9620	 13.173115968704224
2024-02-24 14:58:46.733222 - Epoc #	9630	 13.032674074172974
2024-02-24 14:58:59.887493 - Epoc #	9640	 13.154260873794556
2024-02-24 14:59:12.993637 - Epoc #	9650	 13.106135129928589
2024-02-24 14:59:26.117360 - Epoc #	9660	 13.12371301651001
2024-02-24 14:59:39.383664 - Epoc #	9670	 13.266294002532959
2024-02-24 14:59:52.495460 - Epoc #	9680	 13.11178708076477
2024-02-24 15:00:05.611462 - Epoc #	9690	 13.115993976593018
2024-02-24 15:00:18.671193 - Epoc #	9700	 13.059720993041992
2024-02-24 15:00:31.428235 - Epoc #	9710	 12.757033109664917
2024-02-24 15:00:44.795620 - Epoc #	9720	 13.36737585067749
2024-02-24 15:00:58.114580 - Epoc #	9730	 13.318952083587646
2024-02-24 15:01:11.055018 - Epoc #	9740	 12.940428972244263
2024-02-24 15:01:23.802790 - Epoc #	9750	 12.74776315689087
2024-02-24 15:01:36.891335 - Epoc #	9760	 13.088536024093628
2024-02-24 15:01:49.725498 - Epoc #	9770	 12.834153890609741
2024-02-24 15:02:02.849423 - Epoc #	9780	 13.123916149139404
2024-02-24 15:02:15.705461 - Epoc #	9790	 12.856029033660889
2024-02-24 15:02:28.066316 - Epoc #	9800	 12.360846042633057
2024-02-24 15:02:40.692967 - Epoc #	9810	 12.626642227172852
2024-02-24 15:02:53.260241 - Epoc #	9820	 12.567265033721924
2024-02-24 15:03:06.081165 - Epoc #	9830	 12.820914030075073
2024-02-24 15:03:18.725884 - Epoc #	9840	 12.644709825515747
2024-02-24 15:03:31.524052 - Epoc #	9850	 12.798157930374146
2024-02-24 15:03:44.587803 - Epoc #	9860	 13.063741207122803
2024-02-24 15:03:57.817860 - Epoc #	9870	 13.230048179626465
2024-02-24 15:04:11.174882 - Epoc #	9880	 13.35701322555542
2024-02-24 15:04:24.338255 - Epoc #	9890	 13.163362979888916
2024-02-24 15:04:37.015512 - Epoc #	9900	 12.677248001098633
2024-02-24 15:04:49.915583 - Epoc #	9910	 12.900062084197998
2024-02-24 15:05:03.120480 - Epoc #	9920	 13.204886198043823
2024-02-24 15:05:16.398664 - Epoc #	9930	 13.278173923492432
2024-02-24 15:05:29.615596 - Epoc #	9940	 13.216922044754028
2024-02-24 15:05:42.632192 - Epoc #	9950	 13.01658582687378
2024-02-24 15:05:56.097188 - Epoc #	9960	 13.464986085891724
2024-02-24 15:06:09.739386 - Epoc #	9970	 13.64218807220459
2024-02-24 15:06:23.077094 - Epoc #	9980	 13.337697982788086
2024-02-24 15:06:36.310943 - Epoc #	9990	 13.233839988708496
2024-02-24 15:06:49.221054 - Epoc #	10000	 12.910102128982544
2024-02-24 15:07:02.777784 - Epoc #	10010	 13.556720972061157
2024-02-24 15:07:15.878423 - Epoc #	10020	 13.100629806518555
2024-02-24 15:07:29.279531 - Epoc #	10030	 13.401098012924194
2024-02-24 15:07:42.079496 - Epoc #	10040	 12.79995608329773
2024-02-24 15:07:54.584099 - Epoc #	10050	 12.504593133926392
2024-02-24 15:08:07.256410 - Epoc #	10060	 12.672302007675171
2024-02-24 15:08:19.975733 - Epoc #	10070	 12.719314098358154
2024-02-24 15:08:32.658932 - Epoc #	10080	 12.683189868927002
2024-02-24 15:08:45.276024 - Epoc #	10090	 12.617082118988037
2024-02-24 15:08:57.573410 - Epoc #	10100	 12.297376871109009
2024-02-24 15:09:09.863981 - Epoc #	10110	 12.29056191444397
2024-02-24 15:09:22.044517 - Epoc #	10120	 12.180526971817017
2024-02-24 15:09:34.352043 - Epoc #	10130	 12.307517051696777
2024-02-24 15:09:46.799069 - Epoc #	10140	 12.447017192840576
2024-02-24 15:09:59.105051 - Epoc #	10150	 12.3059720993042
2024-02-24 15:10:11.300353 - Epoc #	10160	 12.19529104232788
2024-02-24 15:10:23.509606 - Epoc #	10170	 12.209244012832642
2024-02-24 15:10:35.825640 - Epoc #	10180	 12.3160240650177
2024-02-24 15:10:48.128199 - Epoc #	10190	 12.302550077438354
